This file contains any messages produced by compilers while
running configure, to aid debugging if configure makes a mistake.

It was created by configure, which was
generated by GNU Autoconf 2.69.  Invocation command line was

  $ ./configure --with-php-config=/usr/local/php7_1.10/bin/php-config

## --------- ##
## Platform. ##
## --------- ##

hostname = e10bffb42e5c
uname -m = x86_64
uname -r = 4.0.7-boot2docker
uname -s = Linux
uname -v = #1 SMP Wed Jul 15 00:01:41 UTC 2015

/usr/bin/uname -p = unknown
/bin/uname -X     = unknown

/bin/arch              = x86_64
/usr/bin/arch -k       = unknown
/usr/convex/getsysinfo = unknown
/usr/bin/hostinfo      = unknown
/bin/machine           = unknown
/usr/bin/oslevel       = unknown
/bin/universe          = unknown

PATH: /root/.gvm/bin
PATH: /home/shen/.gvm/bin
PATH: /usr/local/bin
PATH: /bin
PATH: /usr/bin
PATH: /usr/local/sbin
PATH: /usr/sbin
PATH: /sbin
PATH: /usr/local/go/bin
PATH: /home/shen/bin


## ----------- ##
## Core tests. ##
## ----------- ##

configure:2298: checking for grep that handles long lines and -e
configure:2356: result: /bin/grep
configure:2361: checking for egrep
configure:2423: result: /bin/grep -E
configure:2428: checking for a sed that does not truncate output
configure:2482: result: /bin/sed
configure:2619: checking for cc
configure:2635: found /usr/bin/cc
configure:2646: result: cc
configure:2677: checking for C compiler version
configure:2686: cc --version >&5
cc (GCC) 4.4.7 20120313 (Red Hat 4.4.7-16)
Copyright (C) 2010 Free Software Foundation, Inc.
This is free software; see the source for copying conditions.  There is NO
warranty; not even for MERCHANTABILITY or FITNESS FOR A PARTICULAR PURPOSE.

configure:2697: $? = 0
configure:2686: cc -v >&5
Using built-in specs.
Target: x86_64-redhat-linux
Configured with: ../configure --prefix=/usr --mandir=/usr/share/man --infodir=/usr/share/info --with-bugurl=http://bugzilla.redhat.com/bugzilla --enable-bootstrap --enable-shared --enable-threads=posix --enable-checking=release --with-system-zlib --enable-__cxa_atexit --disable-libunwind-exceptions --enable-gnu-unique-object --enable-languages=c,c++,objc,obj-c++,java,fortran,ada --enable-java-awt=gtk --disable-dssi --with-java-home=/usr/lib/jvm/java-1.5.0-gcj-1.5.0.0/jre --enable-libgcj-multifile --enable-java-maintainer-mode --with-ecj-jar=/usr/share/java/eclipse-ecj.jar --disable-libjava-multilib --with-ppl --with-cloog --with-tune=generic --with-arch_32=i686 --build=x86_64-redhat-linux
Thread model: posix
gcc version 4.4.7 20120313 (Red Hat 4.4.7-16) (GCC) 
configure:2697: $? = 0
configure:2686: cc -V >&5
cc: '-V' option must have argument
configure:2697: $? = 1
configure:2686: cc -qversion >&5
cc: unrecognized option '-qversion'
cc: no input files
configure:2697: $? = 1
configure:2717: checking whether the C compiler works
configure:2739: cc    conftest.c  >&5
configure:2743: $? = 0
configure:2791: result: yes
configure:2794: checking for C compiler default output file name
configure:2796: result: a.out
configure:2802: checking for suffix of executables
configure:2809: cc -o conftest    conftest.c  >&5
configure:2813: $? = 0
configure:2835: result: 
configure:2857: checking whether we are cross compiling
configure:2865: cc -o conftest    conftest.c  >&5
configure:2869: $? = 0
configure:2876: ./conftest
configure:2880: $? = 0
configure:2895: result: no
configure:2900: checking for suffix of object files
configure:2922: cc -c   conftest.c >&5
configure:2926: $? = 0
configure:2947: result: o
configure:2951: checking whether we are using the GNU C compiler
configure:2970: cc -c   conftest.c >&5
configure:2970: $? = 0
configure:2979: result: yes
configure:2988: checking whether cc accepts -g
configure:3008: cc -c -g  conftest.c >&5
configure:3008: $? = 0
configure:3049: result: yes
configure:3066: checking for cc option to accept ISO C89
configure:3129: cc  -c -g -O2  conftest.c >&5
configure:3129: $? = 0
configure:3142: result: none needed
configure:3168: checking how to run the C preprocessor
configure:3199: cc -E  conftest.c
configure:3199: $? = 0
configure:3213: cc -E  conftest.c
conftest.c:9:28: error: ac_nonexistent.h: No such file or directory
configure:3213: $? = 1
configure: failed program was:
| /* confdefs.h */
| #define PACKAGE_NAME ""
| #define PACKAGE_TARNAME ""
| #define PACKAGE_VERSION ""
| #define PACKAGE_STRING ""
| #define PACKAGE_BUGREPORT ""
| #define PACKAGE_URL ""
| /* end confdefs.h.  */
| #include <ac_nonexistent.h>
configure:3238: result: cc -E
configure:3258: cc -E  conftest.c
configure:3258: $? = 0
configure:3272: cc -E  conftest.c
conftest.c:9:28: error: ac_nonexistent.h: No such file or directory
configure:3272: $? = 1
configure: failed program was:
| /* confdefs.h */
| #define PACKAGE_NAME ""
| #define PACKAGE_TARNAME ""
| #define PACKAGE_VERSION ""
| #define PACKAGE_STRING ""
| #define PACKAGE_BUGREPORT ""
| #define PACKAGE_URL ""
| /* end confdefs.h.  */
| #include <ac_nonexistent.h>
configure:3303: checking for icc
configure:3312: result: no
configure:3326: checking for suncc
configure:3335: result: no
configure:3353: checking whether cc understands -c and -o together
configure:3381: cc -c conftest.c -o conftest2.o >&5
configure:3385: $? = 0
configure:3391: cc -c conftest.c -o conftest2.o >&5
configure:3395: $? = 0
configure:3450: result: yes
configure:3464: checking for system library directory
configure:3479: result: lib
configure:3486: checking if compiler supports -R
configure:3505: cc -o conftest -g -O2   conftest.c -R /usr/lib  >&5
cc: unrecognized option '-R'
/usr/lib: file not recognized: Is a directory
collect2: ld returned 1 exit status
configure:3505: $? = 1
configure: failed program was:
| /* confdefs.h */
| #define PACKAGE_NAME ""
| #define PACKAGE_TARNAME ""
| #define PACKAGE_VERSION ""
| #define PACKAGE_STRING ""
| #define PACKAGE_BUGREPORT ""
| #define PACKAGE_URL ""
| /* end confdefs.h.  */
| 
| int
| main ()
| {
| 
|   ;
|   return 0;
| }
configure:3515: result: no
configure:3520: checking if compiler supports -Wl,-rpath,
configure:3539: cc -o conftest -g -O2   conftest.c -Wl,-rpath,/usr/lib  >&5
configure:3539: $? = 0
configure:3549: result: yes
configure:3594: checking build system type
configure:3608: result: x86_64-unknown-linux-gnu
configure:3628: checking host system type
configure:3641: result: x86_64-unknown-linux-gnu
configure:3661: checking target system type
configure:3674: result: x86_64-unknown-linux-gnu
configure:3777: checking for PHP prefix
configure:3779: result: /usr/local/php7_1.10
configure:3781: checking for PHP includes
configure:3783: result: -I/usr/local/php7_1.10/include/php -I/usr/local/php7_1.10/include/php/main -I/usr/local/php7_1.10/include/php/TSRM -I/usr/local/php7_1.10/include/php/Zend -I/usr/local/php7_1.10/include/php/ext -I/usr/local/php7_1.10/include/php/ext/date/lib
configure:3785: checking for PHP extension directory
configure:3787: result: /usr/local/php7_1.10/lib/php/extensions/no-debug-zts-20160303
configure:3789: checking for PHP installed headers prefix
configure:3791: result: /usr/local/php7_1.10/include/php
configure:3794: checking if debug is enabled
configure:3820: result: no
configure:3823: checking if zts is enabled
configure:3849: result: yes
configure:3920: checking for re2c
configure:3950: result: no
configure:3975: WARNING: You will need re2c 0.13.4 or later if you want to regenerate PHP parsers.
configure:3989: checking for gawk
configure:4006: found /bin/gawk
configure:4017: result: gawk
configure:4063: checking for lis support
configure:4103: result: yes, shared
configure:4112: checking whether to enable lis support
configure:4151: result: yes, shared
configure:4601: checking for ld used by cc
configure:4668: result: /usr/bin/ld
configure:4675: checking if the linker (/usr/bin/ld) is GNU ld
configure:4690: result: yes
configure:4695: checking for /usr/bin/ld option to reload object files
configure:4702: result: -r
configure:4720: checking for BSD-compatible nm
configure:4769: result: /usr/bin/nm -B
configure:4773: checking whether ln -s works
configure:4777: result: yes
configure:4784: checking how to recognize dependent libraries
configure:4970: result: pass_all
configure:5055: cc -c -g -O2  conftest.c >&5
configure:5058: $? = 0
configure:5188: checking for ANSI C header files
configure:5208: cc -c -g -O2  conftest.c >&5
configure:5208: $? = 0
configure:5281: cc -o conftest -g -O2   conftest.c  >&5
configure:5281: $? = 0
configure:5281: ./conftest
configure:5281: $? = 0
configure:5292: result: yes
configure:5305: checking for sys/types.h
configure:5305: cc -c -g -O2  conftest.c >&5
configure:5305: $? = 0
configure:5305: result: yes
configure:5305: checking for sys/stat.h
configure:5305: cc -c -g -O2  conftest.c >&5
configure:5305: $? = 0
configure:5305: result: yes
configure:5305: checking for stdlib.h
configure:5305: cc -c -g -O2  conftest.c >&5
configure:5305: $? = 0
configure:5305: result: yes
configure:5305: checking for string.h
configure:5305: cc -c -g -O2  conftest.c >&5
configure:5305: $? = 0
configure:5305: result: yes
configure:5305: checking for memory.h
configure:5305: cc -c -g -O2  conftest.c >&5
configure:5305: $? = 0
configure:5305: result: yes
configure:5305: checking for strings.h
configure:5305: cc -c -g -O2  conftest.c >&5
configure:5305: $? = 0
configure:5305: result: yes
configure:5305: checking for inttypes.h
configure:5305: cc -c -g -O2  conftest.c >&5
configure:5305: $? = 0
configure:5305: result: yes
configure:5305: checking for stdint.h
configure:5305: cc -c -g -O2  conftest.c >&5
configure:5305: $? = 0
configure:5305: result: yes
configure:5305: checking for unistd.h
configure:5305: cc -c -g -O2  conftest.c >&5
configure:5305: $? = 0
configure:5305: result: yes
configure:5319: checking dlfcn.h usability
configure:5319: cc -c -g -O2  conftest.c >&5
configure:5319: $? = 0
configure:5319: result: yes
configure:5319: checking dlfcn.h presence
configure:5319: cc -E  conftest.c
configure:5319: $? = 0
configure:5319: result: yes
configure:5319: checking for dlfcn.h
configure:5319: result: yes
configure:5341: checking the maximum length of command line arguments
configure:5453: result: 1572864
configure:5465: checking command to parse /usr/bin/nm -B output from cc object
configure:5570: cc -c -g -O2  conftest.c >&5
configure:5573: $? = 0
configure:5577: /usr/bin/nm -B conftest.o \| sed -n -e 's/^.*[ 	]\([ABCDGIRSTW][ABCDGIRSTW]*\)[ 	][ 	]*\([_A-Za-z][_A-Za-z0-9]*\)$/\1 \2 \2/p' \> conftest.nm
configure:5580: $? = 0
configure:5632: cc -o conftest -g -O2   conftest.c conftstm.o >&5
configure:5635: $? = 0
configure:5673: result: ok
configure:5677: checking for objdir
configure:5692: result: .libs
configure:5784: checking for ar
configure:5800: found /usr/bin/ar
configure:5811: result: ar
configure:5876: checking for ranlib
configure:5892: found /usr/bin/ranlib
configure:5903: result: ranlib
configure:5968: checking for strip
configure:5984: found /usr/bin/strip
configure:5995: result: strip
configure:6564: checking if cc supports -fno-rtti -fno-exceptions
configure:6582: cc -c -g -O2  -fno-rtti -fno-exceptions conftest.c >&5
cc1: warning: command line option "-fno-rtti" is valid for C++/ObjC++ but not for C
configure:6586: $? = 0
configure:6599: result: no
configure:6614: checking for cc option to produce PIC
configure:6854: result: -fPIC
configure:6862: checking if cc PIC flag -fPIC works
configure:6880: cc -c -g -O2  -fPIC -DPIC conftest.c >&5
configure:6884: $? = 0
configure:6897: result: yes
configure:6925: checking if cc static flag -static works
configure:6953: result: no
configure:6963: checking if cc supports -c -o file.o
configure:6984: cc -c -g -O2  -o out/conftest2.o conftest.c >&5
configure:6988: $? = 0
configure:7010: result: yes
configure:7036: checking whether the cc linker (/usr/bin/ld -m elf_x86_64) supports shared libraries
configure:7964: result: yes
configure:7985: checking whether -lc should be explicitly linked in
configure:7990: cc -c -g -O2  conftest.c >&5
configure:7993: $? = 0
configure:8008: cc -shared conftest.o  -v -Wl,-soname -Wl,conftest -o conftest 2\>\&1 \| grep  -lc  \>/dev/null 2\>\&1
configure:8011: $? = 0
configure:8023: result: no
configure:8031: checking dynamic linker characteristics
configure:8629: result: GNU/Linux ld.so
configure:8653: checking how to hardcode library paths into programs
configure:8678: result: immediate
configure:8692: checking whether stripping libraries is possible
configure:8697: result: yes
configure:9214: checking if libtool supports shared libraries
configure:9216: result: yes
configure:9219: checking whether to build shared libraries
configure:9240: result: yes
configure:9243: checking whether to build static libraries
configure:9247: result: no
configure:9342: result:
creating libtool
configure:13041: creating ./config.status

## ---------------------- ##
## Running config.status. ##
## ---------------------- ##

This file was extended by config.status, which was
generated by GNU Autoconf 2.69.  Invocation command line was

  CONFIG_FILES    = 
  CONFIG_HEADERS  = 
  CONFIG_LINKS    = 
  CONFIG_COMMANDS = 
  $ ./config.status 

on e10bffb42e5c

config.status:676: creating config.h
config.status:766: config.h is unchanged

## ---------------- ##
## Cache variables. ##
## ---------------- ##

ac_cv_build=x86_64-unknown-linux-gnu
ac_cv_c_compiler_gnu=yes
ac_cv_env_CC_set=
ac_cv_env_CC_value=
ac_cv_env_CFLAGS_set=
ac_cv_env_CFLAGS_value=
ac_cv_env_CPPFLAGS_set=
ac_cv_env_CPPFLAGS_value=
ac_cv_env_CPP_set=
ac_cv_env_CPP_value=
ac_cv_env_LDFLAGS_set=
ac_cv_env_LDFLAGS_value=
ac_cv_env_LIBS_set=
ac_cv_env_LIBS_value=
ac_cv_env_build_alias_set=
ac_cv_env_build_alias_value=
ac_cv_env_host_alias_set=
ac_cv_env_host_alias_value=
ac_cv_env_target_alias_set=
ac_cv_env_target_alias_value=
ac_cv_header_dlfcn_h=yes
ac_cv_header_inttypes_h=yes
ac_cv_header_memory_h=yes
ac_cv_header_stdc=yes
ac_cv_header_stdint_h=yes
ac_cv_header_stdlib_h=yes
ac_cv_header_string_h=yes
ac_cv_header_strings_h=yes
ac_cv_header_sys_stat_h=yes
ac_cv_header_sys_types_h=yes
ac_cv_header_unistd_h=yes
ac_cv_host=x86_64-unknown-linux-gnu
ac_cv_objext=o
ac_cv_path_EGREP='/bin/grep -E'
ac_cv_path_GREP=/bin/grep
ac_cv_prog_AWK=gawk
ac_cv_prog_CPP='cc -E'
ac_cv_prog_ac_ct_AR=ar
ac_cv_prog_ac_ct_CC=cc
ac_cv_prog_ac_ct_RANLIB=ranlib
ac_cv_prog_ac_ct_STRIP=strip
ac_cv_prog_cc_c89=
ac_cv_prog_cc_cc_c_o=yes
ac_cv_prog_cc_g=yes
ac_cv_target=x86_64-unknown-linux-gnu
lt_cv_deplibs_check_method=pass_all
lt_cv_file_magic_cmd='$MAGIC_CMD'
lt_cv_file_magic_test_file=
lt_cv_ld_reload_flag=-r
lt_cv_objdir=.libs
lt_cv_path_LD=/usr/bin/ld
lt_cv_path_NM='/usr/bin/nm -B'
lt_cv_path_SED=/bin/sed
lt_cv_prog_compiler_c_o=yes
lt_cv_prog_compiler_pic_works=yes
lt_cv_prog_compiler_rtti_exceptions=no
lt_cv_prog_compiler_static_works=no
lt_cv_prog_gnu_ld=yes
lt_cv_sys_global_symbol_pipe='sed -n -e '\''s/^.*[ 	]\([ABCDGIRSTW][ABCDGIRSTW]*\)[ 	][ 	]*\([_A-Za-z][_A-Za-z0-9]*\)$/\1 \2 \2/p'\'''
lt_cv_sys_global_symbol_to_c_name_address='sed -n -e '\''s/^: \([^ ]*\) $/  {\"\1\", (lt_ptr) 0},/p'\'' -e '\''s/^[BCDEGRST] \([^ ]*\) \([^ ]*\)$/  {"\2", (lt_ptr) \&\2},/p'\'''
lt_cv_sys_global_symbol_to_cdecl='sed -n -e '\''s/^. .* \(.*\)$/extern int \1;/p'\'''
lt_cv_sys_lib_dlsearch_path_spec='/lib /usr/lib '
lt_cv_sys_lib_search_path_spec='/usr/lib/gcc/x86_64-redhat-linux/4.4.7 /usr/lib64 /lib64'
lt_cv_sys_max_cmd_len=1572864
lt_lt_cv_prog_compiler_c_o='"yes"'
lt_lt_cv_sys_global_symbol_pipe='"sed -n -e '\''s/^.*[ 	]\\([ABCDGIRSTW][ABCDGIRSTW]*\\)[ 	][ 	]*\\([_A-Za-z][_A-Za-z0-9]*\\)\$/\\1 \\2 \\2/p'\''"'
lt_lt_cv_sys_global_symbol_to_c_name_address='"sed -n -e '\''s/^: \\([^ ]*\\) \$/  {\\\"\\1\\\", (lt_ptr) 0},/p'\'' -e '\''s/^[BCDEGRST] \\([^ ]*\\) \\([^ ]*\\)\$/  {\"\\2\", (lt_ptr) \\&\\2},/p'\''"'
lt_lt_cv_sys_global_symbol_to_cdecl='"sed -n -e '\''s/^. .* \\(.*\\)\$/extern int \\1;/p'\''"'
php_cv_cc_dashr=no
php_cv_cc_rpath=yes

## ----------------- ##
## Output variables. ##
## ----------------- ##

AR='ar'
AWK='gawk'
CC='cc'
CFLAGS='-g -O2'
CONFIGURE_COMMAND=' '\''./configure'\''  '\''--with-php-config=/usr/local/php7_1.10/bin/php-config'\'''
CONFIGURE_OPTIONS=' '\''--with-php-config=/usr/local/php7_1.10/bin/php-config'\'''
CPP='cc -E'
CPPFLAGS=' -DHAVE_CONFIG_H'
DEFS='-DHAVE_CONFIG_H'
DSYMUTIL=''
ECHO='echo'
ECHO_C=''
ECHO_N='-n'
ECHO_T=''
EGREP='/bin/grep -E'
EXEEXT=''
GREP='/bin/grep'
LDFLAGS=''
LIBOBJS=''
LIBS=''
LIBTOOL='$(SHELL) $(top_builddir)/libtool'
LN_S='ln -s'
LTLIBOBJS=''
NMEDIT=''
OBJEXT='o'
PACKAGE_BUGREPORT=''
PACKAGE_NAME=''
PACKAGE_STRING=''
PACKAGE_TARNAME=''
PACKAGE_URL=''
PACKAGE_VERSION=''
PATH_SEPARATOR=':'
RANLIB='ranlib'
RE2C='exit 0;'
SED='/bin/sed'
SHELL='/bin/sh'
SHLIB_DL_SUFFIX_NAME='so'
SHLIB_SUFFIX_NAME='so'
STRIP='strip'
ac_ct_CC='cc'
bindir='${exec_prefix}/bin'
build='x86_64-unknown-linux-gnu'
build_alias=''
build_cpu='x86_64'
build_os='linux-gnu'
build_vendor='unknown'
datadir='${datarootdir}'
datarootdir='${prefix}/share'
docdir='${datarootdir}/doc/${PACKAGE}'
dvidir='${docdir}'
exec_prefix='$(prefix)'
host='x86_64-unknown-linux-gnu'
host_alias='x86_64-unknown-linux-gnu'
host_cpu='x86_64'
host_os='linux-gnu'
host_vendor='unknown'
htmldir='${docdir}'
includedir='${prefix}/include'
infodir='${datarootdir}/info'
libdir='${exec_prefix}/lib'
libexecdir='${exec_prefix}/libexec'
localedir='${datarootdir}/locale'
localstatedir='${prefix}/var'
mandir='${datarootdir}/man'
oldincludedir='/usr/include'
pdfdir='${docdir}'
prefix='/usr/local/php7_1.10'
program_transform_name='s,x,x,'
psdir='${docdir}'
sbindir='${exec_prefix}/sbin'
sharedstatedir='${prefix}/com'
sysconfdir='${prefix}/etc'
target='x86_64-unknown-linux-gnu'
target_alias=''
target_cpu='x86_64'
target_os='linux-gnu'
target_vendor='unknown'

## ----------- ##
## confdefs.h. ##
## ----------- ##

/* confdefs.h */
#define PACKAGE_NAME ""
#define PACKAGE_TARNAME ""
#define PACKAGE_VERSION ""
#define PACKAGE_STRING ""
#define PACKAGE_BUGREPORT ""
#define PACKAGE_URL ""
#define COMPILE_DL_LIS 1
#define STDC_HEADERS 1
#define HAVE_SYS_TYPES_H 1
#define HAVE_SYS_STAT_H 1
#define HAVE_STDLIB_H 1
#define HAVE_STRING_H 1
#define HAVE_MEMORY_H 1
#define HAVE_STRINGS_H 1
#define HAVE_INTTYPES_H 1
#define HAVE_STDINT_H 1
#define HAVE_UNISTD_H 1
#define HAVE_DLFCN_H 1

configure: exit 0
